15:16:28 **** Build of configuration Default for project app-template ****
make flash 
Flashing binaries to serial port /dev/ttyUSB0 (app at offset 0x10000)...
esptool.py v2.0
Connecting........_
Chip is ESP32D0WDQ6 (revision 0)
Uploading stub...
Running stub...
Stub running...
Configuring flash size...
Auto-detected Flash size: 4MB
Flash params set to 0x0220
Compressed 14128 bytes to 8288...

Writing at 0x00001000... (100 %)
Wrote 14128 bytes (8288 compressed) at 0x00001000 in 0.7 seconds (effective 151.1 kbit/s)...
Hash of data verified.
Compressed 472224 bytes to 260337...

Writing at 0x00010000... (6 %)
Writing at 0x00014000... (12 %)
Writing at 0x00018000... (18 %)
Writing at 0x0001c000... (25 %)
Writing at 0x00020000... (31 %)
Writing at 0x00024000... (37 %)
Writing at 0x00028000... (43 %)
Writing at 0x0002c000... (50 %)
Writing at 0x00030000... (56 %)
Writing at 0x00034000... (62 %)
Writing at 0x00038000... (68 %)
Writing at 0x0003c000... (75 %)
Writing at 0x00040000... (81 %)
Writing at 0x00044000... (87 %)
Writing at 0x00048000... (93 %)
Writing at 0x0004c000... (100 %)
Wrote 472224 bytes (260337 compressed) at 0x00010000 in 23.1 seconds (effective 163.7 kbit/s)...
Hash of data verified.
Compressed 3072 bytes to 82...

Writing at 0x00008000... (100 %)
Wrote 3072 bytes (82 compressed) at 0x00008000 in 0.0 seconds (effective 1561.7 kbit/s)...
Hash of data verified.

Leaving...
Hard resetting...

15:16:58 Build Finished (took 30s.233ms)

